2022.07.01 13:25:20 INFO  tracing is disabled for protocol LSP, to enable tracing of incoming and outgoing JSON messages create an empty file at /Users/sanjiv.sahayam/Code/tools/reveal/.metals/lsp.trace.json or /Users/sanjiv.sahayam/Library/Caches/org.scalameta.metals/lsp.trace.json
2022.07.01 13:25:21 INFO  logging to file /Users/sanjiv.sahayam/Code/tools/reveal/.metals/metals.log
2022.07.01 13:25:21 INFO  Started: Metals version 0.11.6 in workspace '/Users/sanjiv.sahayam/Code/tools/reveal' for client Sublime Text LSP 1.16.3.
2022.07.01 13:25:21 INFO  time: initialize in 0.49s
2022.07.01 13:25:21 WARN  Flyway upgrade recommended: H2 2.1.212 is newer than this version of Flyway and support has not been tested. The latest supported version of H2 is 2.1.210.
2022.07.01 13:25:21 WARN  Build server is not auto-connectable.
2022.07.01 13:25:21 WARN  no build tool detected in workspace '/Users/sanjiv.sahayam/Code/tools/reveal'. The most common cause for this problem is that the editor was opened in the wrong working directory, for example if you use sbt then the workspace directory should contain build.sbt. 
2022.07.01 13:25:22 WARN  no build target for: /Users/sanjiv.sahayam/ziptemp/tmp-proto/x.scala
2022.07.01 13:25:26 INFO  no build target found for /Users/sanjiv.sahayam/ziptemp/tmp-proto/x.scala. Using presentation compiler with project's scala-library version: 3.1.2
2022.07.01 13:25:28 INFO  time: code lens generation in 6.71s
Jul. 01, 2022 1:25:29 PM org.eclipse.lsp4j.jsonrpc.RemoteEndpoint fallbackResponseError
SEVERE: Internal error: file:///Users/sanjiv.sahayam/ziptemp/tmp-proto/x.scala:2: error: Invalid literal number
@scala.SerialVersionUID { val value = 0None }
                                      ^
java.util.concurrent.CompletionException: file:///Users/sanjiv.sahayam/ziptemp/tmp-proto/x.scala:2: error: Invalid literal number
@scala.SerialVersionUID { val value = 0None }
                                      ^
	at java.base/java.util.concurrent.CompletableFuture.encodeThrowable(CompletableFuture.java:331)
	at java.base/java.util.concurrent.CompletableFuture.completeThrowable(CompletableFuture.java:346)
	at java.base/java.util.concurrent.CompletableFuture$UniAccept.tryFire(CompletableFuture.java:704)
	at java.base/java.util.concurrent.CompletableFuture.postComplete(CompletableFuture.java:506)
	at java.base/java.util.concurrent.CompletableFuture.completeExceptionally(CompletableFuture.java:2088)
	at scala.meta.internal.metals.CancelTokens$.$anonfun$future$1(CancelTokens.scala:40)
	at scala.meta.internal.metals.CancelTokens$.$anonfun$future$1$adapted(CancelTokens.scala:38)
	at scala.concurrent.impl.Promise$Transformation.run(Promise.scala:484)
	at java.base/java.util.concurrent.ThreadPoolExecutor.runWorker(ThreadPoolExecutor.java:1128)
	at java.base/java.util.concurrent.ThreadPoolExecutor$Worker.run(ThreadPoolExecutor.java:628)
	at java.base/java.lang.Thread.run(Thread.java:829)
Caused by: file:///Users/sanjiv.sahayam/ziptemp/tmp-proto/x.scala:2: error: Invalid literal number
@scala.SerialVersionUID { val value = 0None }
                                      ^
	at scala.meta.internal.tokenizers.Reporter.syntaxError(Reporter.scala:23)
	at scala.meta.internal.tokenizers.Reporter.syntaxError$(Reporter.scala:23)
	at scala.meta.internal.tokenizers.Reporter$$anon$1.syntaxError(Reporter.scala:33)
	at scala.meta.internal.tokenizers.Reporter.syntaxError(Reporter.scala:25)
	at scala.meta.internal.tokenizers.Reporter.syntaxError$(Reporter.scala:25)
	at scala.meta.internal.tokenizers.Reporter$$anon$1.syntaxError(Reporter.scala:33)
	at scala.meta.internal.tokenizers.LegacyScanner.checkNoLetter(LegacyScanner.scala:855)
	at scala.meta.internal.tokenizers.LegacyScanner.restOfUncertainToken$1(LegacyScanner.scala:899)
	at scala.meta.internal.tokenizers.LegacyScanner.getNumber(LegacyScanner.scala:907)
	at scala.meta.internal.tokenizers.LegacyScanner.fetchZero$1(LegacyScanner.scala:362)
	at scala.meta.internal.tokenizers.LegacyScanner.fetchToken(LegacyScanner.scala:364)
	at scala.meta.internal.tokenizers.LegacyScanner.nextToken(LegacyScanner.scala:245)
	at scala.meta.internal.mtags.ScalaToplevelMtags.acceptBalancedDelimeters(ScalaToplevelMtags.scala:274)
	at scala.meta.internal.mtags.ScalaToplevelMtags.loop(ScalaToplevelMtags.scala:172)
	at scala.meta.internal.mtags.ScalaToplevelMtags.indexRoot(ScalaToplevelMtags.scala:50)
	at scala.meta.internal.mtags.MtagsIndexer.index(MtagsIndexer.scala:19)
	at scala.meta.internal.mtags.MtagsIndexer.index$(MtagsIndexer.scala:18)
	at scala.meta.internal.mtags.ScalaToplevelMtags.index(ScalaToplevelMtags.scala:40)
	at scala.meta.internal.mtags.Mtags$.allToplevels(Mtags.scala:96)
	at scala.meta.internal.metals.DefinitionProvider.fromMtags(DefinitionProvider.scala:269)
	at scala.meta.internal.metals.DefinitionProvider.$anonfun$positionOccurrence$3(DefinitionProvider.scala:202)
	at scala.Option.orElse(Option.scala:477)
	at scala.meta.internal.metals.DefinitionProvider.$anonfun$positionOccurrence$1(DefinitionProvider.scala:202)
	at scala.Option.flatMap(Option.scala:283)
	at scala.meta.internal.metals.DefinitionProvider.positionOccurrence(DefinitionProvider.scala:197)
	at scala.meta.internal.metals.DocumentHighlightProvider.$anonfun$documentHighlight$1(DocumentHighlightProvider.scala:33)
	at scala.collection.immutable.List.map(List.scala:246)
	at scala.meta.internal.metals.DocumentHighlightProvider.documentHighlight(DocumentHighlightProvider.scala:29)
	at scala.meta.internal.metals.MetalsLanguageServer.$anonfun$documentHighlights$1(MetalsLanguageServer.scala:1477)
	at scala.meta.internal.metals.CancelTokens$.$anonfun$apply$2(CancelTokens.scala:26)
	at scala.concurrent.Future$.$anonfun$apply$1(Future.scala:678)
	at scala.concurrent.impl.Promise$Transformation.run(Promise.scala:467)
	... 3 more

Jul. 01, 2022 1:25:30 PM org.eclipse.lsp4j.jsonrpc.RemoteEndpoint fallbackResponseError
SEVERE: Internal error: file:///Users/sanjiv.sahayam/ziptemp/tmp-proto/x.scala:2: error: Invalid literal number
@scala.SerialVersionUID { val value = 0None }
                                      ^
java.util.concurrent.CompletionException: file:///Users/sanjiv.sahayam/ziptemp/tmp-proto/x.scala:2: error: Invalid literal number
@scala.SerialVersionUID { val value = 0None }
                                      ^
	at java.base/java.util.concurrent.CompletableFuture.encodeThrowable(CompletableFuture.java:331)
	at java.base/java.util.concurrent.CompletableFuture.completeThrowable(CompletableFuture.java:346)
	at java.base/java.util.concurrent.CompletableFuture$UniAccept.tryFire(CompletableFuture.java:704)
	at java.base/java.util.concurrent.CompletableFuture.postComplete(CompletableFuture.java:506)
	at java.base/java.util.concurrent.CompletableFuture.completeExceptionally(CompletableFuture.java:2088)
	at scala.meta.internal.metals.CancelTokens$.$anonfun$future$1(CancelTokens.scala:40)
	at scala.meta.internal.metals.CancelTokens$.$anonfun$future$1$adapted(CancelTokens.scala:38)
	at scala.concurrent.impl.Promise$Transformation.run(Promise.scala:484)
	at java.base/java.util.concurrent.ThreadPoolExecutor.runWorker(ThreadPoolExecutor.java:1128)
	at java.base/java.util.concurrent.ThreadPoolExecutor$Worker.run(ThreadPoolExecutor.java:628)
	at java.base/java.lang.Thread.run(Thread.java:829)
Caused by: file:///Users/sanjiv.sahayam/ziptemp/tmp-proto/x.scala:2: error: Invalid literal number
@scala.SerialVersionUID { val value = 0None }
                                      ^
	at scala.meta.internal.tokenizers.Reporter.syntaxError(Reporter.scala:23)
	at scala.meta.internal.tokenizers.Reporter.syntaxError$(Reporter.scala:23)
	at scala.meta.internal.tokenizers.Reporter$$anon$1.syntaxError(Reporter.scala:33)
	at scala.meta.internal.tokenizers.Reporter.syntaxError(Reporter.scala:25)
	at scala.meta.internal.tokenizers.Reporter.syntaxError$(Reporter.scala:25)
	at scala.meta.internal.tokenizers.Reporter$$anon$1.syntaxError(Reporter.scala:33)
	at scala.meta.internal.tokenizers.LegacyScanner.checkNoLetter(LegacyScanner.scala:855)
	at scala.meta.internal.tokenizers.LegacyScanner.restOfUncertainToken$1(LegacyScanner.scala:899)
	at scala.meta.internal.tokenizers.LegacyScanner.getNumber(LegacyScanner.scala:907)
	at scala.meta.internal.tokenizers.LegacyScanner.fetchZero$1(LegacyScanner.scala:362)
	at scala.meta.internal.tokenizers.LegacyScanner.fetchToken(LegacyScanner.scala:364)
	at scala.meta.internal.tokenizers.LegacyScanner.nextToken(LegacyScanner.scala:245)
	at scala.meta.internal.mtags.ScalaToplevelMtags.acceptBalancedDelimeters(ScalaToplevelMtags.scala:274)
	at scala.meta.internal.mtags.ScalaToplevelMtags.loop(ScalaToplevelMtags.scala:172)
	at scala.meta.internal.mtags.ScalaToplevelMtags.indexRoot(ScalaToplevelMtags.scala:50)
	at scala.meta.internal.mtags.MtagsIndexer.index(MtagsIndexer.scala:19)
	at scala.meta.internal.mtags.MtagsIndexer.index$(MtagsIndexer.scala:18)
	at scala.meta.internal.mtags.ScalaToplevelMtags.index(ScalaToplevelMtags.scala:40)
	at scala.meta.internal.mtags.Mtags$.allToplevels(Mtags.scala:96)
	at scala.meta.internal.metals.DefinitionProvider.fromMtags(DefinitionProvider.scala:269)
	at scala.meta.internal.metals.DefinitionProvider.$anonfun$positionOccurrence$3(DefinitionProvider.scala:202)
	at scala.Option.orElse(Option.scala:477)
	at scala.meta.internal.metals.DefinitionProvider.$anonfun$positionOccurrence$1(DefinitionProvider.scala:202)
	at scala.Option.flatMap(Option.scala:283)
	at scala.meta.internal.metals.DefinitionProvider.positionOccurrence(DefinitionProvider.scala:197)
	at scala.meta.internal.metals.DocumentHighlightProvider.$anonfun$documentHighlight$1(DocumentHighlightProvider.scala:33)
	at scala.collection.immutable.List.map(List.scala:246)
	at scala.meta.internal.metals.DocumentHighlightProvider.documentHighlight(DocumentHighlightProvider.scala:29)
	at scala.meta.internal.metals.MetalsLanguageServer.$anonfun$documentHighlights$1(MetalsLanguageServer.scala:1477)
	at scala.meta.internal.metals.CancelTokens$.$anonfun$apply$2(CancelTokens.scala:26)
	at scala.concurrent.Future$.$anonfun$apply$1(Future.scala:678)
	at scala.concurrent.impl.Promise$Transformation.run(Promise.scala:467)
	... 3 more

2022.07.01 13:25:51 INFO  shutting down Metals
